<?xml version="1.0" encoding="UTF-8"?>
<testsuite xmlns:xsi="http://www.w3.org/2001/XMLSchema-instance" xsi:noNamespaceSchemaLocation="https://maven.apache.org/surefire/maven-surefire-plugin/xsd/surefire-test-report-3.0.xsd" version="3.0" name="TestSuite" time="81.456" tests="4" errors="0" skipped="0" failures="1">
  <properties>
    <property name="gopherProxySet" value="false"/>
    <property name="awt.toolkit" value="sun.lwawt.macosx.LWCToolkit"/>
    <property name="file.encoding.pkg" value="sun.io"/>
    <property name="java.specification.version" value="1.8"/>
    <property name="webdriver.chrome.driver" value="/Users/sahilgirdhar/eclipse-workspace-new/Ebay_AutomationProject/Drivers/ChromeDriver/chromedriver"/>
    <property name="sun.cpu.isalist" value=""/>
    <property name="sun.jnu.encoding" value="UTF-8"/>
    <property name="java.class.path" value="/Users/sahilgirdhar/eclipse-workspace-new/Ebay_AutomationProject/target/test-classes:/Users/sahilgirdhar/eclipse-workspace-new/Ebay_AutomationProject/target/classes:/Users/sahilgirdhar/.m2/repository/org/seleniumhq/selenium/selenium-chrome-driver/4.0.0-alpha-4/selenium-chrome-driver-4.0.0-alpha-4.jar:/Users/sahilgirdhar/.m2/repository/com/google/auto/service/auto-service-annotations/1.0-rc6/auto-service-annotations-1.0-rc6.jar:/Users/sahilgirdhar/.m2/repository/com/google/auto/service/auto-service/1.0-rc6/auto-service-1.0-rc6.jar:/Users/sahilgirdhar/.m2/repository/com/google/auto/auto-common/0.10/auto-common-0.10.jar:/Users/sahilgirdhar/.m2/repository/com/google/guava/guava/28.2-jre/guava-28.2-jre.jar:/Users/sahilgirdhar/.m2/repository/com/google/guava/failureaccess/1.0.1/failureaccess-1.0.1.jar:/Users/sahilgirdhar/.m2/repository/com/google/guava/listenablefuture/9999.0-empty-to-avoid-conflict-with-guava/listenablefuture-9999.0-empty-to-avoid-conflict-with-guava.jar:/Users/sahilgirdhar/.m2/repository/com/google/code/findbugs/jsr305/3.0.2/jsr305-3.0.2.jar:/Users/sahilgirdhar/.m2/repository/org/checkerframework/checker-qual/2.10.0/checker-qual-2.10.0.jar:/Users/sahilgirdhar/.m2/repository/com/google/errorprone/error_prone_annotations/2.3.4/error_prone_annotations-2.3.4.jar:/Users/sahilgirdhar/.m2/repository/com/google/j2objc/j2objc-annotations/1.3/j2objc-annotations-1.3.jar:/Users/sahilgirdhar/.m2/repository/org/seleniumhq/selenium/selenium-api/4.0.0-alpha-4/selenium-api-4.0.0-alpha-4.jar:/Users/sahilgirdhar/.m2/repository/org/seleniumhq/selenium/selenium-chromium-driver/4.0.0-alpha-4/selenium-chromium-driver-4.0.0-alpha-4.jar:/Users/sahilgirdhar/.m2/repository/org/seleniumhq/selenium/selenium-devtools/4.0.0-alpha-4/selenium-devtools-4.0.0-alpha-4.jar:/Users/sahilgirdhar/.m2/repository/org/seleniumhq/selenium/selenium-http/4.0.0-alpha-4/selenium-http-4.0.0-alpha-4.jar:/Users/sahilgirdhar/.m2/repository/org/seleniumhq/selenium/selenium-json/4.0.0-alpha-4/selenium-json-4.0.0-alpha-4.jar:/Users/sahilgirdhar/.m2/repository/org/seleniumhq/selenium/selenium-remote-driver/4.0.0-alpha-4/selenium-remote-driver-4.0.0-alpha-4.jar:/Users/sahilgirdhar/.m2/repository/com/squareup/okhttp3/okhttp/4.3.0/okhttp-4.3.0.jar:/Users/sahilgirdhar/.m2/repository/com/squareup/okio/okio/2.4.1/okio-2.4.1.jar:/Users/sahilgirdhar/.m2/repository/org/jetbrains/kotlin/kotlin-stdlib-common/1.3.50/kotlin-stdlib-common-1.3.50.jar:/Users/sahilgirdhar/.m2/repository/org/jetbrains/kotlin/kotlin-stdlib/1.3.61/kotlin-stdlib-1.3.61.jar:/Users/sahilgirdhar/.m2/repository/org/jetbrains/annotations/13.0/annotations-13.0.jar:/Users/sahilgirdhar/.m2/repository/com/typesafe/netty/netty-reactive-streams/2.0.4/netty-reactive-streams-2.0.4.jar:/Users/sahilgirdhar/.m2/repository/io/netty/netty-handler/4.1.43.Final/netty-handler-4.1.43.Final.jar:/Users/sahilgirdhar/.m2/repository/io/netty/netty-common/4.1.43.Final/netty-common-4.1.43.Final.jar:/Users/sahilgirdhar/.m2/repository/io/netty/netty-buffer/4.1.43.Final/netty-buffer-4.1.43.Final.jar:/Users/sahilgirdhar/.m2/repository/io/netty/netty-transport/4.1.43.Final/netty-transport-4.1.43.Final.jar:/Users/sahilgirdhar/.m2/repository/io/netty/netty-codec/4.1.43.Final/netty-codec-4.1.43.Final.jar:/Users/sahilgirdhar/.m2/repository/org/reactivestreams/reactive-streams/1.0.3/reactive-streams-1.0.3.jar:/Users/sahilgirdhar/.m2/repository/io/opentracing/opentracing-api/0.33.0/opentracing-api-0.33.0.jar:/Users/sahilgirdhar/.m2/repository/net/bytebuddy/byte-buddy/1.10.6/byte-buddy-1.10.6.jar:/Users/sahilgirdhar/.m2/repository/org/apache/commons/commons-exec/1.3/commons-exec-1.3.jar:/Users/sahilgirdhar/.m2/repository/org/asynchttpclient/async-http-client/2.10.4/async-http-client-2.10.4.jar:/Users/sahilgirdhar/.m2/repository/org/asynchttpclient/async-http-client-netty-utils/2.10.4/async-http-client-netty-utils-2.10.4.jar:/Users/sahilgirdhar/.m2/repository/io/netty/netty-codec-http/4.1.42.Final/netty-codec-http-4.1.42.Final.jar:/Users/sahilgirdhar/.m2/repository/io/netty/netty-codec-socks/4.1.42.Final/netty-codec-socks-4.1.42.Final.jar:/Users/sahilgirdhar/.m2/repository/io/netty/netty-handler-proxy/4.1.42.Final/netty-handler-proxy-4.1.42.Final.jar:/Users/sahilgirdhar/.m2/repository/io/netty/netty-transport-native-epoll/4.1.42.Final/netty-transport-native-epoll-4.1.42.Final-linux-x86_64.jar:/Users/sahilgirdhar/.m2/repository/io/netty/netty-transport-native-unix-common/4.1.42.Final/netty-transport-native-unix-common-4.1.42.Final.jar:/Users/sahilgirdhar/.m2/repository/io/netty/netty-transport-native-kqueue/4.1.42.Final/netty-transport-native-kqueue-4.1.42.Final-osx-x86_64.jar:/Users/sahilgirdhar/.m2/repository/io/netty/netty-resolver-dns/4.1.42.Final/netty-resolver-dns-4.1.42.Final.jar:/Users/sahilgirdhar/.m2/repository/io/netty/netty-resolver/4.1.42.Final/netty-resolver-4.1.42.Final.jar:/Users/sahilgirdhar/.m2/repository/io/netty/netty-codec-dns/4.1.42.Final/netty-codec-dns-4.1.42.Final.jar:/Users/sahilgirdhar/.m2/repository/org/slf4j/slf4j-api/1.7.26/slf4j-api-1.7.26.jar:/Users/sahilgirdhar/.m2/repository/com/sun/activation/javax.activation/1.2.0/javax.activation-1.2.0.jar:/Users/sahilgirdhar/.m2/repository/org/testng/testng/6.8/testng-6.8.jar:/Users/sahilgirdhar/.m2/repository/junit/junit/4.10/junit-4.10.jar:/Users/sahilgirdhar/.m2/repository/org/hamcrest/hamcrest-core/1.1/hamcrest-core-1.1.jar:/Users/sahilgirdhar/.m2/repository/org/beanshell/bsh/2.0b4/bsh-2.0b4.jar:/Users/sahilgirdhar/.m2/repository/com/beust/jcommander/1.27/jcommander-1.27.jar:/Users/sahilgirdhar/.m2/repository/org/yaml/snakeyaml/1.6/snakeyaml-1.6.jar:/Users/sahilgirdhar/.m2/repository/org/seleniumhq/selenium/selenium-firefox-driver/4.0.0-alpha-4/selenium-firefox-driver-4.0.0-alpha-4.jar:/Users/sahilgirdhar/.m2/repository/commons-io/commons-io/2.6/commons-io-2.6.jar:/Users/sahilgirdhar/.m2/repository/com/aventstack/extentreports/4.1.2/extentreports-4.1.2.jar:/Users/sahilgirdhar/.m2/repository/org/freemarker/freemarker/2.3.29/freemarker-2.3.29.jar:/Users/sahilgirdhar/.m2/repository/org/apache/httpcomponents/httpclient/4.5.2/httpclient-4.5.2.jar:/Users/sahilgirdhar/.m2/repository/org/apache/httpcomponents/httpcore/4.4.4/httpcore-4.4.4.jar:/Users/sahilgirdhar/.m2/repository/commons-logging/commons-logging/1.2/commons-logging-1.2.jar:/Users/sahilgirdhar/.m2/repository/commons-codec/commons-codec/1.9/commons-codec-1.9.jar:/Users/sahilgirdhar/.m2/repository/org/apache/httpcomponents/httpmime/4.5.2/httpmime-4.5.2.jar:/Users/sahilgirdhar/.m2/repository/com/google/code/gson/gson/2.8.6/gson-2.8.6.jar:/Users/sahilgirdhar/.m2/repository/org/mongodb/mongodb-driver/3.12.0/mongodb-driver-3.12.0.jar:/Users/sahilgirdhar/.m2/repository/org/mongodb/mongodb-driver-core/3.12.0/mongodb-driver-core-3.12.0.jar:/Users/sahilgirdhar/.m2/repository/org/mongodb/bson/3.12.0/bson-3.12.0.jar:"/>
    <property name="java.vm.vendor" value="Oracle Corporation"/>
    <property name="sun.arch.data.model" value="64"/>
    <property name="java.vendor.url" value="http://java.oracle.com/"/>
    <property name="user.timezone" value="America/Bogota"/>
    <property name="java.vm.specification.version" value="1.8"/>
    <property name="os.name" value="Mac OS X"/>
    <property name="user.country" value="CO"/>
    <property name="sun.java.launcher" value="SUN_STANDARD"/>
    <property name="sun.boot.library.path" value="/Library/Java/JavaVirtualMachines/jdk1.8.0_241.jdk/Contents/Home/jre/lib"/>
    <property name="sun.java.command" value="/Users/sahilgirdhar/eclipse-workspace-new/Ebay_AutomationProject/target/surefire/surefirebooter4804217353246762198.jar /Users/sahilgirdhar/eclipse-workspace-new/Ebay_AutomationProject/target/surefire 2020-03-02T18-28-29_780-jvmRun1 surefire1334181854213789351tmp surefire_0646892337210856106tmp"/>
    <property name="http.nonProxyHosts" value="local|*.local|169.254/16|*.169.254/16"/>
    <property name="surefire.test.class.path" value="/Users/sahilgirdhar/eclipse-workspace-new/Ebay_AutomationProject/target/test-classes:/Users/sahilgirdhar/eclipse-workspace-new/Ebay_AutomationProject/target/classes:/Users/sahilgirdhar/.m2/repository/org/seleniumhq/selenium/selenium-chrome-driver/4.0.0-alpha-4/selenium-chrome-driver-4.0.0-alpha-4.jar:/Users/sahilgirdhar/.m2/repository/com/google/auto/service/auto-service-annotations/1.0-rc6/auto-service-annotations-1.0-rc6.jar:/Users/sahilgirdhar/.m2/repository/com/google/auto/service/auto-service/1.0-rc6/auto-service-1.0-rc6.jar:/Users/sahilgirdhar/.m2/repository/com/google/auto/auto-common/0.10/auto-common-0.10.jar:/Users/sahilgirdhar/.m2/repository/com/google/guava/guava/28.2-jre/guava-28.2-jre.jar:/Users/sahilgirdhar/.m2/repository/com/google/guava/failureaccess/1.0.1/failureaccess-1.0.1.jar:/Users/sahilgirdhar/.m2/repository/com/google/guava/listenablefuture/9999.0-empty-to-avoid-conflict-with-guava/listenablefuture-9999.0-empty-to-avoid-conflict-with-guava.jar:/Users/sahilgirdhar/.m2/repository/com/google/code/findbugs/jsr305/3.0.2/jsr305-3.0.2.jar:/Users/sahilgirdhar/.m2/repository/org/checkerframework/checker-qual/2.10.0/checker-qual-2.10.0.jar:/Users/sahilgirdhar/.m2/repository/com/google/errorprone/error_prone_annotations/2.3.4/error_prone_annotations-2.3.4.jar:/Users/sahilgirdhar/.m2/repository/com/google/j2objc/j2objc-annotations/1.3/j2objc-annotations-1.3.jar:/Users/sahilgirdhar/.m2/repository/org/seleniumhq/selenium/selenium-api/4.0.0-alpha-4/selenium-api-4.0.0-alpha-4.jar:/Users/sahilgirdhar/.m2/repository/org/seleniumhq/selenium/selenium-chromium-driver/4.0.0-alpha-4/selenium-chromium-driver-4.0.0-alpha-4.jar:/Users/sahilgirdhar/.m2/repository/org/seleniumhq/selenium/selenium-devtools/4.0.0-alpha-4/selenium-devtools-4.0.0-alpha-4.jar:/Users/sahilgirdhar/.m2/repository/org/seleniumhq/selenium/selenium-http/4.0.0-alpha-4/selenium-http-4.0.0-alpha-4.jar:/Users/sahilgirdhar/.m2/repository/org/seleniumhq/selenium/selenium-json/4.0.0-alpha-4/selenium-json-4.0.0-alpha-4.jar:/Users/sahilgirdhar/.m2/repository/org/seleniumhq/selenium/selenium-remote-driver/4.0.0-alpha-4/selenium-remote-driver-4.0.0-alpha-4.jar:/Users/sahilgirdhar/.m2/repository/com/squareup/okhttp3/okhttp/4.3.0/okhttp-4.3.0.jar:/Users/sahilgirdhar/.m2/repository/com/squareup/okio/okio/2.4.1/okio-2.4.1.jar:/Users/sahilgirdhar/.m2/repository/org/jetbrains/kotlin/kotlin-stdlib-common/1.3.50/kotlin-stdlib-common-1.3.50.jar:/Users/sahilgirdhar/.m2/repository/org/jetbrains/kotlin/kotlin-stdlib/1.3.61/kotlin-stdlib-1.3.61.jar:/Users/sahilgirdhar/.m2/repository/org/jetbrains/annotations/13.0/annotations-13.0.jar:/Users/sahilgirdhar/.m2/repository/com/typesafe/netty/netty-reactive-streams/2.0.4/netty-reactive-streams-2.0.4.jar:/Users/sahilgirdhar/.m2/repository/io/netty/netty-handler/4.1.43.Final/netty-handler-4.1.43.Final.jar:/Users/sahilgirdhar/.m2/repository/io/netty/netty-common/4.1.43.Final/netty-common-4.1.43.Final.jar:/Users/sahilgirdhar/.m2/repository/io/netty/netty-buffer/4.1.43.Final/netty-buffer-4.1.43.Final.jar:/Users/sahilgirdhar/.m2/repository/io/netty/netty-transport/4.1.43.Final/netty-transport-4.1.43.Final.jar:/Users/sahilgirdhar/.m2/repository/io/netty/netty-codec/4.1.43.Final/netty-codec-4.1.43.Final.jar:/Users/sahilgirdhar/.m2/repository/org/reactivestreams/reactive-streams/1.0.3/reactive-streams-1.0.3.jar:/Users/sahilgirdhar/.m2/repository/io/opentracing/opentracing-api/0.33.0/opentracing-api-0.33.0.jar:/Users/sahilgirdhar/.m2/repository/net/bytebuddy/byte-buddy/1.10.6/byte-buddy-1.10.6.jar:/Users/sahilgirdhar/.m2/repository/org/apache/commons/commons-exec/1.3/commons-exec-1.3.jar:/Users/sahilgirdhar/.m2/repository/org/asynchttpclient/async-http-client/2.10.4/async-http-client-2.10.4.jar:/Users/sahilgirdhar/.m2/repository/org/asynchttpclient/async-http-client-netty-utils/2.10.4/async-http-client-netty-utils-2.10.4.jar:/Users/sahilgirdhar/.m2/repository/io/netty/netty-codec-http/4.1.42.Final/netty-codec-http-4.1.42.Final.jar:/Users/sahilgirdhar/.m2/repository/io/netty/netty-codec-socks/4.1.42.Final/netty-codec-socks-4.1.42.Final.jar:/Users/sahilgirdhar/.m2/repository/io/netty/netty-handler-proxy/4.1.42.Final/netty-handler-proxy-4.1.42.Final.jar:/Users/sahilgirdhar/.m2/repository/io/netty/netty-transport-native-epoll/4.1.42.Final/netty-transport-native-epoll-4.1.42.Final-linux-x86_64.jar:/Users/sahilgirdhar/.m2/repository/io/netty/netty-transport-native-unix-common/4.1.42.Final/netty-transport-native-unix-common-4.1.42.Final.jar:/Users/sahilgirdhar/.m2/repository/io/netty/netty-transport-native-kqueue/4.1.42.Final/netty-transport-native-kqueue-4.1.42.Final-osx-x86_64.jar:/Users/sahilgirdhar/.m2/repository/io/netty/netty-resolver-dns/4.1.42.Final/netty-resolver-dns-4.1.42.Final.jar:/Users/sahilgirdhar/.m2/repository/io/netty/netty-resolver/4.1.42.Final/netty-resolver-4.1.42.Final.jar:/Users/sahilgirdhar/.m2/repository/io/netty/netty-codec-dns/4.1.42.Final/netty-codec-dns-4.1.42.Final.jar:/Users/sahilgirdhar/.m2/repository/org/slf4j/slf4j-api/1.7.26/slf4j-api-1.7.26.jar:/Users/sahilgirdhar/.m2/repository/com/sun/activation/javax.activation/1.2.0/javax.activation-1.2.0.jar:/Users/sahilgirdhar/.m2/repository/org/testng/testng/6.8/testng-6.8.jar:/Users/sahilgirdhar/.m2/repository/junit/junit/4.10/junit-4.10.jar:/Users/sahilgirdhar/.m2/repository/org/hamcrest/hamcrest-core/1.1/hamcrest-core-1.1.jar:/Users/sahilgirdhar/.m2/repository/org/beanshell/bsh/2.0b4/bsh-2.0b4.jar:/Users/sahilgirdhar/.m2/repository/com/beust/jcommander/1.27/jcommander-1.27.jar:/Users/sahilgirdhar/.m2/repository/org/yaml/snakeyaml/1.6/snakeyaml-1.6.jar:/Users/sahilgirdhar/.m2/repository/org/seleniumhq/selenium/selenium-firefox-driver/4.0.0-alpha-4/selenium-firefox-driver-4.0.0-alpha-4.jar:/Users/sahilgirdhar/.m2/repository/commons-io/commons-io/2.6/commons-io-2.6.jar:/Users/sahilgirdhar/.m2/repository/com/aventstack/extentreports/4.1.2/extentreports-4.1.2.jar:/Users/sahilgirdhar/.m2/repository/org/freemarker/freemarker/2.3.29/freemarker-2.3.29.jar:/Users/sahilgirdhar/.m2/repository/org/apache/httpcomponents/httpclient/4.5.2/httpclient-4.5.2.jar:/Users/sahilgirdhar/.m2/repository/org/apache/httpcomponents/httpcore/4.4.4/httpcore-4.4.4.jar:/Users/sahilgirdhar/.m2/repository/commons-logging/commons-logging/1.2/commons-logging-1.2.jar:/Users/sahilgirdhar/.m2/repository/commons-codec/commons-codec/1.9/commons-codec-1.9.jar:/Users/sahilgirdhar/.m2/repository/org/apache/httpcomponents/httpmime/4.5.2/httpmime-4.5.2.jar:/Users/sahilgirdhar/.m2/repository/com/google/code/gson/gson/2.8.6/gson-2.8.6.jar:/Users/sahilgirdhar/.m2/repository/org/mongodb/mongodb-driver/3.12.0/mongodb-driver-3.12.0.jar:/Users/sahilgirdhar/.m2/repository/org/mongodb/mongodb-driver-core/3.12.0/mongodb-driver-core-3.12.0.jar:/Users/sahilgirdhar/.m2/repository/org/mongodb/bson/3.12.0/bson-3.12.0.jar:"/>
    <property name="sun.cpu.endian" value="little"/>
    <property name="user.home" value="/Users/sahilgirdhar"/>
    <property name="user.language" value="en"/>
    <property name="java.specification.vendor" value="Oracle Corporation"/>
    <property name="java.home" value="/Library/Java/JavaVirtualMachines/jdk1.8.0_241.jdk/Contents/Home/jre"/>
    <property name="basedir" value="/Users/sahilgirdhar/eclipse-workspace-new/Ebay_AutomationProject"/>
    <property name="file.separator" value="/"/>
    <property name="line.separator" value="&#10;"/>
    <property name="java.vm.specification.vendor" value="Oracle Corporation"/>
    <property name="java.specification.name" value="Java Platform API Specification"/>
    <property name="java.awt.graphicsenv" value="sun.awt.CGraphicsEnvironment"/>
    <property name="surefire.real.class.path" value="/Users/sahilgirdhar/eclipse-workspace-new/Ebay_AutomationProject/target/surefire/surefirebooter4804217353246762198.jar"/>
    <property name="sun.boot.class.path" value="/Library/Java/JavaVirtualMachines/jdk1.8.0_241.jdk/Contents/Home/jre/lib/resources.jar:/Library/Java/JavaVirtualMachines/jdk1.8.0_241.jdk/Contents/Home/jre/lib/rt.jar:/Library/Java/JavaVirtualMachines/jdk1.8.0_241.jdk/Contents/Home/jre/lib/sunrsasign.jar:/Library/Java/JavaVirtualMachines/jdk1.8.0_241.jdk/Contents/Home/jre/lib/jsse.jar:/Library/Java/JavaVirtualMachines/jdk1.8.0_241.jdk/Contents/Home/jre/lib/jce.jar:/Library/Java/JavaVirtualMachines/jdk1.8.0_241.jdk/Contents/Home/jre/lib/charsets.jar:/Library/Java/JavaVirtualMachines/jdk1.8.0_241.jdk/Contents/Home/jre/lib/jfr.jar:/Library/Java/JavaVirtualMachines/jdk1.8.0_241.jdk/Contents/Home/jre/classes"/>
    <property name="sun.management.compiler" value="HotSpot 64-Bit Tiered Compilers"/>
    <property name="ftp.nonProxyHosts" value="local|*.local|169.254/16|*.169.254/16"/>
    <property name="java.runtime.version" value="1.8.0_241-b07"/>
    <property name="user.name" value="sahilgirdhar"/>
    <property name="path.separator" value=":"/>
    <property name="os.version" value="10.13.6"/>
    <property name="java.endorsed.dirs" value="/Library/Java/JavaVirtualMachines/jdk1.8.0_241.jdk/Contents/Home/jre/lib/endorsed"/>
    <property name="java.runtime.name" value="Java(TM) SE Runtime Environment"/>
    <property name="file.encoding" value="UTF-8"/>
    <property name="sun.nio.ch.bugLevel" value=""/>
    <property name="java.vm.name" value="Java HotSpot(TM) 64-Bit Server VM"/>
    <property name="localRepository" value="/Users/sahilgirdhar/.m2/repository"/>
    <property name="java.vendor.url.bug" value="http://bugreport.sun.com/bugreport/"/>
    <property name="java.io.tmpdir" value="/var/folders/ph/x_0_wbsd6tn7k0gcfn22r_lc0000gn/T/"/>
    <property name="java.version" value="1.8.0_241"/>
    <property name="user.dir" value="/Users/sahilgirdhar/eclipse-workspace-new/Ebay_AutomationProject"/>
    <property name="os.arch" value="x86_64"/>
    <property name="java.vm.specification.name" value="Java Virtual Machine Specification"/>
    <property name="java.awt.printerjob" value="sun.lwawt.macosx.CPrinterJob"/>
    <property name="sun.os.patch.level" value="unknown"/>
    <property name="java.library.path" value="/Users/sahilgirdhar/Library/Java/Extensions:/Library/Java/Extensions:/Network/Library/Java/Extensions:/System/Library/Java/Extensions:/usr/lib/java:."/>
    <property name="java.vm.info" value="mixed mode"/>
    <property name="java.vendor" value="Oracle Corporation"/>
    <property name="java.vm.version" value="25.241-b07"/>
    <property name="java.ext.dirs" value="/Users/sahilgirdhar/Library/Java/Extensions:/Library/Java/JavaVirtualMachines/jdk1.8.0_241.jdk/Contents/Home/jre/lib/ext:/Library/Java/Extensions:/Network/Library/Java/Extensions:/System/Library/Java/Extensions:/usr/lib/java"/>
    <property name="sun.io.unicode.encoding" value="UnicodeBig"/>
    <property name="java.class.version" value="52.0"/>
    <property name="socksNonProxyHosts" value="local|*.local|169.254/16|*.169.254/16"/>
  </properties>
  <testcase name="ebay_navigation_valid" classname="Ebay_TestCases.ebay_NavigationTest" time="10.02"/>
  <testcase name="Search_Ebay" classname="Ebay_TestCases.ebay_NavigationTest" time="45.835">
    <failure type="java.lang.AssertionError"><![CDATA[java.lang.AssertionError
	at Ebay_TestCases.ebay_NavigationTest.Search_Ebay(ebay_NavigationTest.java:115)
]]></failure>
    <system-out><![CDATA[******Search_Ebay - Test case started ******
Total search results for size 10 PUMA shoes is 5,525
Total Search reasults in the current page are 48
******Search_Ebay - Test case failed ******
]]></system-out>
    <system-err><![CDATA[[1583191733.682][SEVERE]: Timed out receiving message from renderer: 0.100
[1583191733.788][SEVERE]: Timed out receiving message from renderer: 0.100
[1583191733.892][SEVERE]: Timed out receiving message from renderer: 0.100
[1583191733.997][SEVERE]: Timed out receiving message from renderer: 0.100
[1583191734.101][SEVERE]: Timed out receiving message from renderer: 0.100
[1583191734.230][SEVERE]: Timed out receiving message from renderer: 0.100
[1583191734.335][SEVERE]: Timed out receiving message from renderer: 0.100
[1583191734.439][SEVERE]: Timed out receiving message from renderer: 0.100
[1583191734.543][SEVERE]: Timed out receiving message from renderer: 0.100
[1583191734.648][SEVERE]: Timed out receiving message from renderer: 0.100
[1583191734.753][SEVERE]: Timed out receiving message from renderer: 0.100
[1583191734.857][SEVERE]: Timed out receiving message from renderer: 0.100
[1583191734.961][SEVERE]: Timed out receiving message from renderer: 0.100
[1583191735.064][SEVERE]: Timed out receiving message from renderer: 0.100
[1583191735.171][SEVERE]: Timed out receiving message from renderer: 0.100
[1583191735.274][SEVERE]: Timed out receiving message from renderer: 0.100
[1583191735.378][SEVERE]: Timed out receiving message from renderer: 0.100
[1583191735.482][SEVERE]: Timed out receiving message from renderer: 0.100
[1583191735.585][SEVERE]: Timed out receiving message from renderer: 0.100
[1583191735.691][SEVERE]: Timed out receiving message from renderer: 0.100
[1583191735.794][SEVERE]: Timed out receiving message from renderer: 0.100
[1583191735.897][SEVERE]: Timed out receiving message from renderer: 0.100
[1583191736.003][SEVERE]: Timed out receiving message from renderer: 0.100
[1583191736.106][SEVERE]: Timed out receiving message from renderer: 0.100
[1583191736.211][SEVERE]: Timed out receiving message from renderer: 0.100
[1583191736.637][SEVERE]: Timed out receiving message from renderer: 0.100
[1583191737.125][SEVERE]: Timed out receiving message from renderer: 0.100
[1583191737.368][SEVERE]: Timed out receiving message from renderer: 0.100
[1583191737.476][SEVERE]: Timed out receiving message from renderer: 0.100
[1583191754.871][SEVERE]: Timed out receiving message from renderer: 0.100
[1583191754.975][SEVERE]: Timed out receiving message from renderer: 0.100
[1583191755.719][SEVERE]: Timed out receiving message from renderer: 0.100
[1583191762.383][SEVERE]: Timed out receiving message from renderer: 0.100
[1583191762.487][SEVERE]: Timed out receiving message from renderer: 0.100
[1583191762.589][SEVERE]: Timed out receiving message from renderer: 0.100
[1583191762.692][SEVERE]: Timed out receiving message from renderer: 0.100
[1583191770.069][SEVERE]: Timed out receiving message from renderer: 0.100
[1583191770.174][SEVERE]: Timed out receiving message from renderer: 0.100
[1583191770.278][SEVERE]: Timed out receiving message from renderer: 0.100
[1583191770.559][SEVERE]: Timed out receiving message from renderer: 0.100
]]></system-err>
  </testcase>
  <testcase name="first5productswithprices" classname="Ebay_TestCases.ebay_NavigationTest" time="0.163"/>
  <testcase name="Order_print_products_byprice_descendant" classname="Ebay_TestCases.ebay_NavigationTest" time="9.488"/>
</testsuite>