<?xml version="1.0" encoding="UTF-8"?>
<!-- Generated by org.testng.reporters.JUnitReportReporter -->
<testsuite hostname="Sahils-MacBook.local" failures="0" tests="1" name="Ebay_TestCases.ebay_Search_test" time="30.690" errors="0" timestamp="29 Feb 2020 06:24:38 GMT">
  <testcase classname="Ebay_TestCases.ebay_Search_test" name="Search_Ebay" time="30.690"/>
</testsuite> <!-- Ebay_TestCases.ebay_Search_test -->
