<?xml version="1.0" encoding="UTF-8"?>
<!-- Generated by org.testng.reporters.JUnitReportReporter -->
<testsuite hostname="Sahils-MacBook.local" failures="0" tests="1" name="Ebay_TestCases.ebay_Navigation_test" time="4.984" errors="0" timestamp="29 Feb 2020 06:23:50 GMT">
  <testcase classname="Ebay_TestCases.ebay_Navigation_test" name="ebay_navigation_valid" time="4.984"/>
</testsuite> <!-- Ebay_TestCases.ebay_Navigation_test -->
