<?xml version="1.0" encoding="UTF-8"?>
<!-- Generated by org.testng.reporters.JUnitReportReporter -->
<testsuite hostname="Sahils-MacBook.local" failures="0" tests="1" name="Ebay_TestCases.ebay_Search_test" time="36.831" errors="0" timestamp="1 Mar 2020 02:51:42 GMT">
  <testcase classname="Ebay_TestCases.ebay_Search_test" name="Search_Ebay" time="36.831"/>
</testsuite> <!-- Ebay_TestCases.ebay_Search_test -->
