<?xml version="1.0" encoding="UTF-8"?>
<!-- Generated by org.testng.reporters.JUnitReportReporter -->
<testsuite hostname="Sahils-MacBook.local" failures="0" tests="1" name="Ebay_TestCases.ebay_login_test" time="0.024" errors="0" timestamp="27 Feb 2020 15:06:16 GMT">
  <testcase classname="Ebay_TestCases.ebay_login_test" name="ebay_login_valid" time="0.024"/>
</testsuite> <!-- Ebay_TestCases.ebay_login_test -->
