<?xml version="1.0" encoding="UTF-8"?>
<!-- Generated by org.testng.reporters.JUnitReportReporter -->
<testsuite hostname="Sahils-MacBook.local" failures="0" tests="1" name="Ebay_Utilities.BaseClass" time="5.949" errors="0" timestamp="27 Feb 2020 02:41:15 GMT">
  <testcase classname="Ebay_Utilities.BaseClass" name="CommonLoginTest" time="5.949"/>
</testsuite> <!-- Ebay_Utilities.BaseClass -->
