<?xml version="1.0" encoding="UTF-8"?>
<!-- Generated by org.testng.reporters.JUnitReportReporter -->
<testsuite hostname="Sahils-MacBook.local" name="Ebay_TestCases.ebay_NavigationTest" tests="4" failures="0" timestamp="3 Mar 2020 01:36:29 GMT" time="69.773" errors="0">
  <testcase name="ebay_navigation_valid" time="11.174" classname="Ebay_TestCases.ebay_NavigationTest"/>
  <testcase name="first5productswithprices" time="1.351" classname="Ebay_TestCases.ebay_NavigationTest"/>
  <testcase name="Order_print_products_byprice_descendant" time="10.743" classname="Ebay_TestCases.ebay_NavigationTest"/>
  <testcase name="Search_Ebay" time="46.505" classname="Ebay_TestCases.ebay_NavigationTest"/>
</testsuite> <!-- Ebay_TestCases.ebay_NavigationTest -->
