<?xml version="1.0" encoding="UTF-8"?>
<!-- Generated by org.testng.reporters.JUnitReportReporter -->
<testsuite hostname="Sahils-MacBook.local" name="Ebay_TestCases.ebay_NavigationTest" tests="4" failures="0" timestamp="3 Mar 2020 01:41:30 GMT" time="69.238" errors="0">
  <testcase name="ebay_navigation_valid" time="12.034" classname="Ebay_TestCases.ebay_NavigationTest"/>
  <testcase name="first5productswithprices" time="1.071" classname="Ebay_TestCases.ebay_NavigationTest"/>
  <testcase name="Search_Ebay" time="46.035" classname="Ebay_TestCases.ebay_NavigationTest"/>
  <testcase name="Order_print_products_byprice_descendant" time="10.098" classname="Ebay_TestCases.ebay_NavigationTest"/>
</testsuite> <!-- Ebay_TestCases.ebay_NavigationTest -->
